Library/Bee/Android/Prj/IL2CPP/Gradle/launcher/build/intermediates/manifest_merge_blame_file/release/manifest-merger-blame-release-report.txt
1<?xml version="1.0" encoding="utf-8"?>
2<manifest xmlns:android="http://schemas.android.com/apk/res/android"
3    package="com.MenaceS3.Sprint3"
4    android:installLocation="preferExternal"
5    android:versionCode="1"
6    android:versionName="0.1" >
7
8    <uses-sdk
9        android:minSdkVersion="26"
9-->src\main\AndroidManifest.xml
10        android:targetSdkVersion="31" />
10-->src\main\AndroidManifest.xml
11
12    <supports-screens
12-->src\main\AndroidManifest.xml:4:3-163
13        android:anyDensity="true"
13-->src\main\AndroidManifest.xml:4:135-160
14        android:largeScreens="true"
14-->src\main\AndroidManifest.xml:4:78-105
15        android:normalScreens="true"
15-->src\main\AndroidManifest.xml:4:49-77
16        android:smallScreens="true"
16-->src\main\AndroidManifest.xml:4:21-48
17        android:xlargeScreens="true" />
17-->src\main\AndroidManifest.xml:4:106-134
18
19    <uses-permission android:name="android.permission.INTERNET" />
19-->[:unityLibrary] AndroidManifest.xml:10:5-67
19-->[:unityLibrary] AndroidManifest.xml:10:22-64
20
21    <uses-feature
21-->[:unityLibrary] AndroidManifest.xml:12:5-54
22        android:glEsVersion="0x00030000"
22-->[:unityLibrary] AndroidManifest.xml:12:19-51
23        android:required="true" />
23-->[:GfxPluginCardboard:] AndroidManifest.xml:15:9-32
24    <uses-feature
24-->[:unityLibrary] AndroidManifest.xml:13:5-15:36
25        android:name="android.hardware.touchscreen"
25-->[:unityLibrary] AndroidManifest.xml:14:9-52
26        android:required="false" />
26-->[:unityLibrary] AndroidManifest.xml:15:9-33
27    <uses-feature
27-->[:unityLibrary] AndroidManifest.xml:16:5-18:36
28        android:name="android.hardware.touchscreen.multitouch"
28-->[:unityLibrary] AndroidManifest.xml:17:9-63
29        android:required="false" />
29-->[:unityLibrary] AndroidManifest.xml:18:9-33
30    <uses-feature
30-->[:unityLibrary] AndroidManifest.xml:19:5-21:36
31        android:name="android.hardware.touchscreen.multitouch.distinct"
31-->[:unityLibrary] AndroidManifest.xml:20:9-72
32        android:required="false" />
32-->[:unityLibrary] AndroidManifest.xml:21:9-33
33
34    <uses-permission android:name="android.permission.CAMERA" />
34-->[:GfxPluginCardboard:] AndroidManifest.xml:17:5-65
34-->[:GfxPluginCardboard:] AndroidManifest.xml:17:22-62
35    <uses-permission android:name="android.permission.WRITE_EXTERNAL_STORAGE" />
35-->[:GfxPluginCardboard:] AndroidManifest.xml:18:5-81
35-->[:GfxPluginCardboard:] AndroidManifest.xml:18:22-78
36    <uses-permission android:name="android.permission.NFC" />
36-->[:GfxPluginCardboard:] AndroidManifest.xml:20:5-62
36-->[:GfxPluginCardboard:] AndroidManifest.xml:20:22-59
37
38    <application
38-->src\main\AndroidManifest.xml:3:3-83
39        android:appComponentFactory="androidx.core.app.CoreComponentFactory"
39-->[androidx.core:core:1.7.0] AndroidManifest.xml:24:18-86
40        android:extractNativeLibs="true"
40-->[:unityLibrary] AndroidManifest.xml:23:18-50
41        android:icon="@mipmap/app_icon"
41-->src\main\AndroidManifest.xml:3:49-80
42        android:label="@string/app_name" >
42-->src\main\AndroidManifest.xml:3:16-48
43        <meta-data
43-->[:unityLibrary] AndroidManifest.xml:24:9-26:33
44            android:name="unity.splash-mode"
44-->[:unityLibrary] AndroidManifest.xml:25:13-45
45            android:value="0" />
45-->[:unityLibrary] AndroidManifest.xml:26:13-30
46        <meta-data
46-->[:unityLibrary] AndroidManifest.xml:27:9-29:36
47            android:name="unity.splash-enable"
47-->[:unityLibrary] AndroidManifest.xml:28:13-47
48            android:value="True" />
48-->[:unityLibrary] AndroidManifest.xml:29:13-33
49        <meta-data
49-->[:unityLibrary] AndroidManifest.xml:30:9-32:36
50            android:name="unity.launch-fullscreen"
50-->[:unityLibrary] AndroidManifest.xml:31:13-51
51            android:value="True" />
51-->[:unityLibrary] AndroidManifest.xml:32:13-33
52        <meta-data
52-->[:unityLibrary] AndroidManifest.xml:33:9-35:37
53            android:name="unity.allow-resizable-window"
53-->[:unityLibrary] AndroidManifest.xml:34:13-56
54            android:value="False" />
54-->[:unityLibrary] AndroidManifest.xml:35:13-34
55        <meta-data
55-->[:unityLibrary] AndroidManifest.xml:36:9-38:50
56            android:name="notch.config"
56-->[:unityLibrary] AndroidManifest.xml:37:13-40
57            android:value="portrait|landscape" />
57-->[:unityLibrary] AndroidManifest.xml:38:13-47
58        <meta-data
58-->[:unityLibrary] AndroidManifest.xml:39:9-41:36
59            android:name="unity.auto-report-fully-drawn"
59-->[:unityLibrary] AndroidManifest.xml:40:13-57
60            android:value="true" />
60-->[:unityLibrary] AndroidManifest.xml:41:13-33
61
62        <activity
62-->[:unityLibrary] AndroidManifest.xml:43:9-64:20
63            android:name="com.unity3d.player.UnityPlayerActivity"
63-->[:unityLibrary] AndroidManifest.xml:44:13-66
64            android:configChanges="mcc|mnc|locale|touchscreen|keyboard|keyboardHidden|navigation|orientation|screenLayout|uiMode|screenSize|smallestScreenSize|fontScale|layoutDirection|density"
64-->[:unityLibrary] AndroidManifest.xml:45:13-194
65            android:exported="true"
65-->[:unityLibrary] AndroidManifest.xml:46:13-36
66            android:hardwareAccelerated="false"
66-->[:unityLibrary] AndroidManifest.xml:47:13-48
67            android:launchMode="singleTask"
67-->[:unityLibrary] AndroidManifest.xml:48:13-44
68            android:resizeableActivity="false"
68-->[:unityLibrary] AndroidManifest.xml:49:13-47
69            android:screenOrientation="reverseLandscape"
69-->[:unityLibrary] AndroidManifest.xml:50:13-57
70            android:theme="@style/UnityThemeSelector" >
70-->[:unityLibrary] AndroidManifest.xml:51:13-54
71            <intent-filter>
71-->[:unityLibrary] AndroidManifest.xml:52:13-56:29
72                <category android:name="android.intent.category.LAUNCHER" />
72-->[:unityLibrary] AndroidManifest.xml:53:17-77
72-->[:unityLibrary] AndroidManifest.xml:53:27-74
73
74                <action android:name="android.intent.action.MAIN" />
74-->[:unityLibrary] AndroidManifest.xml:55:17-69
74-->[:unityLibrary] AndroidManifest.xml:55:25-66
75            </intent-filter>
76
77            <meta-data
77-->[:unityLibrary] AndroidManifest.xml:58:13-60:40
78                android:name="unityplayer.UnityActivity"
78-->[:unityLibrary] AndroidManifest.xml:59:17-57
79                android:value="true" />
79-->[:unityLibrary] AndroidManifest.xml:60:17-37
80            <meta-data
80-->[:unityLibrary] AndroidManifest.xml:61:13-63:40
81                android:name="notch_support"
81-->[:unityLibrary] AndroidManifest.xml:62:17-45
82                android:value="true" />
82-->[:unityLibrary] AndroidManifest.xml:63:17-37
83        </activity>
84        <activity
84-->[:GfxPluginCardboard:] AndroidManifest.xml:23:9-27:66
85            android:name="com.google.cardboard.sdk.QrCodeCaptureActivity"
85-->[:GfxPluginCardboard:] AndroidManifest.xml:24:13-74
86            android:exported="false"
86-->[:GfxPluginCardboard:] AndroidManifest.xml:25:13-37
87            android:label="@string/title_activity_qr_code_capture"
87-->[:GfxPluginCardboard:] AndroidManifest.xml:26:13-67
88            android:theme="@style/Theme.AppCompat.NoActionBar" />
88-->[:GfxPluginCardboard:] AndroidManifest.xml:27:13-63
89        <!--
90          Activity whose sole purpose is to update Cardboard device params when a Cardboard V1
91          NFC tag is detected.
92        -->
93        <activity
93-->[:GfxPluginCardboard:] AndroidManifest.xml:33:9-46:20
94            android:name="com.google.cardboard.sdk.HeadsetDetectionActivity"
94-->[:GfxPluginCardboard:] AndroidManifest.xml:34:13-77
95            android:exported="true"
95-->[:GfxPluginCardboard:] AndroidManifest.xml:35:13-36
96            android:label="@string/headset_detection_activity_title" >
96-->[:GfxPluginCardboard:] AndroidManifest.xml:36:13-69
97
98            <!-- Handles the Cardboard V1 NFC tag released at Google I/O 2014. -->
99            <intent-filter>
99-->[:GfxPluginCardboard:] AndroidManifest.xml:39:13-45:29
100                <action android:name="android.nfc.action.NDEF_DISCOVERED" />
100-->[:GfxPluginCardboard:] AndroidManifest.xml:40:17-77
100-->[:GfxPluginCardboard:] AndroidManifest.xml:40:25-74
101
102                <category android:name="android.intent.category.DEFAULT" />
102-->[:GfxPluginCardboard:] AndroidManifest.xml:42:17-76
102-->[:GfxPluginCardboard:] AndroidManifest.xml:42:27-73
103
104                <data android:scheme="cardboard" />
104-->[:GfxPluginCardboard:] AndroidManifest.xml:44:17-52
104-->[:GfxPluginCardboard:] AndroidManifest.xml:44:23-49
105            </intent-filter>
106        </activity>
107        <activity
107-->[com.google.android.gms:play-services-base:17.4.0] AndroidManifest.xml:23:9-26:75
108            android:name="com.google.android.gms.common.api.GoogleApiActivity"
108-->[com.google.android.gms:play-services-base:17.4.0] AndroidManifest.xml:24:13-79
109            android:exported="false"
109-->[com.google.android.gms:play-services-base:17.4.0] AndroidManifest.xml:25:13-37
110            android:theme="@android:style/Theme.Translucent.NoTitleBar" />
110-->[com.google.android.gms:play-services-base:17.4.0] AndroidManifest.xml:26:13-72
111
112        <meta-data
112-->[com.google.android.gms:play-services-basement:17.4.0] AndroidManifest.xml:23:9-25:69
113            android:name="com.google.android.gms.version"
113-->[com.google.android.gms:play-services-basement:17.4.0] AndroidManifest.xml:24:13-58
114            android:value="@integer/google_play_services_version" />
114-->[com.google.android.gms:play-services-basement:17.4.0] AndroidManifest.xml:25:13-66
115
116        <provider
116-->[androidx.emoji2:emoji2:1.0.0] AndroidManifest.xml:26:9-34:20
117            android:name="androidx.startup.InitializationProvider"
117-->[androidx.emoji2:emoji2:1.0.0] AndroidManifest.xml:27:13-67
118            android:authorities="com.MenaceS3.Sprint3.androidx-startup"
118-->[androidx.emoji2:emoji2:1.0.0] AndroidManifest.xml:28:13-68
119            android:exported="false" >
119-->[androidx.emoji2:emoji2:1.0.0] AndroidManifest.xml:29:13-37
120            <meta-data
120-->[androidx.emoji2:emoji2:1.0.0] AndroidManifest.xml:31:13-33:52
121                android:name="androidx.emoji2.text.EmojiCompatInitializer"
121-->[androidx.emoji2:emoji2:1.0.0] AndroidManifest.xml:32:17-75
122                android:value="androidx.startup" />
122-->[androidx.emoji2:emoji2:1.0.0] AndroidManifest.xml:33:17-49
123            <meta-data
123-->[androidx.lifecycle:lifecycle-process:2.4.0] AndroidManifest.xml:31:13-33:52
124                android:name="androidx.lifecycle.ProcessLifecycleInitializer"
124-->[androidx.lifecycle:lifecycle-process:2.4.0] AndroidManifest.xml:32:17-78
125                android:value="androidx.startup" />
125-->[androidx.lifecycle:lifecycle-process:2.4.0] AndroidManifest.xml:33:17-49
126        </provider>
127    </application>
128
129</manifest>